#
# There is insufficient memory for the Java Runtime Environment to continue.
# Native memory allocation (mmap) failed to map 402653184 bytes for G1 virtual space
# Possible reasons:
#   The system is out of physical RAM or swap space
#   The process is running with CompressedOops enabled, and the Java Heap may be blocking the growth of the native heap
# Possible solutions:
#   Reduce memory load on the system
#   Increase physical memory or swap space
#   Check if swap backing store is full
#   Decrease Java heap size (-Xmx/-Xms)
#   Decrease number of Java threads
#   Decrease Java thread stack sizes (-Xss)
#   Set larger code cache with -XX:ReservedCodeCacheSize=
#   JVM is running with Unscaled Compressed Oops mode in which the Java heap is
#     placed in the first 4GB address space. The Java Heap base address is the
#     maximum limit for the native heap growth. Please use -XX:HeapBaseMinAddress
#     to set the Java Heap base and to place the Java Heap above 4GB virtual address.
# This output file may be truncated or incomplete.
#
#  Out of Memory Error (os_windows.cpp:3557), pid=9204, tid=11248
#
# JRE version:  (17.0.6+10) (build )
# Java VM: OpenJDK 64-Bit Server VM (17.0.6+10, mixed mode, emulated-client, sharing, tiered, compressed oops, compressed class ptrs, g1 gc, windows-amd64)
# No core dump will be written. Minidumps are not enabled by default on client versions of Windows
#

---------------  S U M M A R Y ------------

Command Line: -XX:+HeapDumpOnOutOfMemoryError -Xmx1024m -Dsts.lsp.client=vscode -Dsts.log.file=/dev/null -XX:TieredStopAtLevel=1 -Xlog:jni+resolve=off -Dspring.config.location=file:c:\Users\SoftPlain\.vscode\extensions\vmware.vscode-spring-boot-1.44.0\language-server\BOOT-INF\classes\application.properties org.springframework.ide.vscode.boot.app.BootLanguageServerBootApp

Host: Intel(R) Core(TM) i7-8700 CPU @ 3.20GHz, 12 cores, 23G,  Windows 11 , 64 bit Build 22000 (10.0.22000.1516)
Time: Sat Feb 25 17:06:41 2023  Windows 11 , 64 bit Build 22000 (10.0.22000.1516) elapsed time: 0.029015 seconds (0d 0h 0m 0s)

---------------  T H R E A D  ---------------

Current thread (0x00000285911d2d70):  JavaThread "Unknown thread" [_thread_in_vm, id=11248, stack(0x000000e0cd200000,0x000000e0cd300000)]

Stack: [0x000000e0cd200000,0x000000e0cd300000]
Native frames: (J=compiled Java code, j=interpreted, Vv=VM code, C=native code)
V  [jvm.dll+0x67741a]
V  [jvm.dll+0x834434]
V  [jvm.dll+0x835bde]
V  [jvm.dll+0x836243]
V  [jvm.dll+0x2457b5]
V  [jvm.dll+0x674329]
V  [jvm.dll+0x6689da]
V  [jvm.dll+0x30489b]
V  [jvm.dll+0x30bd96]
V  [jvm.dll+0x35b57e]
V  [jvm.dll+0x35b7af]
V  [jvm.dll+0x2db778]
V  [jvm.dll+0x2dc6e4]
V  [jvm.dll+0x806131]
V  [jvm.dll+0x369331]
V  [jvm.dll+0x7e56ac]
V  [jvm.dll+0x3eb35f]
V  [jvm.dll+0x3ecea1]
C  [jli.dll+0x5267]
C  [ucrtbase.dll+0x26c0c]
C  [KERNEL32.DLL+0x155a0]
C  [ntdll.dll+0x485b]


---------------  P R O C E S S  ---------------

Threads class SMR info:
_java_thread_list=0x00007ff959ba5fd8, length=0, elements={
}

Java Threads: ( => current thread )

Other Threads:
  0x000002859120fd70 GCTaskThread "GC Thread#0" [stack: 0x000000e0cd300000,0x000000e0cd400000] [id=11252]
  0x0000028591218cb0 ConcurrentGCThread "G1 Main Marker" [stack: 0x000000e0cd400000,0x000000e0cd500000] [id=21076]
  0x0000028591219820 ConcurrentGCThread "G1 Conc#0" [stack: 0x000000e0cd500000,0x000000e0cd600000] [id=8764]

[error occurred during error reporting (printing all threads), id 0xc0000005, EXCEPTION_ACCESS_VIOLATION (0xc0000005) at pc=0x00007ff95937c1e7]

VM state: not at safepoint (not fully initialized)

VM Mutex/Monitor currently owned by a thread:  ([mutex/lock_event])
[0x000002858f75d320] Heap_lock - owner thread: 0x00000285911d2d70

Heap address: 0x00000000c0000000, size: 1024 MB, Compressed Oops mode: 32-bit

CDS archive(s) mapped at: [0x0000000000000000-0x0000000000000000-0x0000000000000000), size 0, SharedBaseAddress: 0x0000000800000000, ArchiveRelocationMode: 0.
Narrow klass base: 0x0000000000000000, Narrow klass shift: 0, Narrow klass range: 0x0

GC Precious Log:
<Empty>

Heap:
 garbage-first heap   total 0K, used 0K [0x00000000c0000000, 0x0000000100000000)
  region size 1024K, 0 young (0K), 0 survivors (0K)

[error occurred during error reporting (printing heap information), id 0xc0000005, EXCEPTION_ACCESS_VIOLATION (0xc0000005) at pc=0x00007ff9597606f9]

GC Heap History (0 events):
No events

Dll operation events (1 events):
Event: 0.022 Loaded shared library c:\Users\SoftPlain\.vscode\extensions\redhat.java-1.15.0-win32-x64\jre\17.0.6-win32-x86_64\bin\java.dll

Deoptimization events (0 events):
No events

Classes unloaded (0 events):
No events

Classes redefined (0 events):
No events

Internal exceptions (0 events):
No events

VM Operations (0 events):
No events

Events (0 events):
No events


Dynamic libraries:
0x00007ff7706c0000 - 0x00007ff7706ce000 	c:\Users\SoftPlain\.vscode\extensions\redhat.java-1.15.0-win32-x64\jre\17.0.6-win32-x86_64\bin\java.exe
0x00007ff9fc860000 - 0x00007ff9fca69000 	C:\WINDOWS\SYSTEM32\ntdll.dll
0x00007ff9fb330000 - 0x00007ff9fb3ee000 	C:\WINDOWS\System32\KERNEL32.DLL
0x00007ff9f9fb0000 - 0x00007ff9fa32c000 	C:\WINDOWS\System32\KERNELBASE.dll
0x00007ff9fc130000 - 0x00007ff9fc1de000 	C:\WINDOWS\System32\ADVAPI32.DLL
0x00007ff9fbaf0000 - 0x00007ff9fbb93000 	C:\WINDOWS\System32\msvcrt.dll
0x00007ff9fbf90000 - 0x00007ff9fc02e000 	C:\WINDOWS\System32\sechost.dll
0x00007ff9fa860000 - 0x00007ff9fa980000 	C:\WINDOWS\System32\RPCRT4.dll
0x00007ff9f9e90000 - 0x00007ff9f9fa1000 	C:\WINDOWS\System32\ucrtbase.dll
0x00007ff9e6130000 - 0x00007ff9e6149000 	c:\Users\SoftPlain\.vscode\extensions\redhat.java-1.15.0-win32-x64\jre\17.0.6-win32-x86_64\bin\VCRUNTIME140.dll
0x00007ff9e6370000 - 0x00007ff9e6387000 	c:\Users\SoftPlain\.vscode\extensions\redhat.java-1.15.0-win32-x64\jre\17.0.6-win32-x86_64\bin\jli.dll
0x00007ff9fbcc0000 - 0x00007ff9fbe6d000 	C:\WINDOWS\System32\USER32.dll
0x00007ff9fa330000 - 0x00007ff9fa356000 	C:\WINDOWS\System32\win32u.dll
0x00007ff9fa830000 - 0x00007ff9fa859000 	C:\WINDOWS\System32\GDI32.dll
0x00007ff9fa540000 - 0x00007ff9fa658000 	C:\WINDOWS\System32\gdi32full.dll
0x00007ff9f9df0000 - 0x00007ff9f9e8d000 	C:\WINDOWS\System32\msvcp_win.dll
0x00007ff9e6e40000 - 0x00007ff9e70e5000 	C:\WINDOWS\WinSxS\amd64_microsoft.windows.common-controls_6595b64144ccf1df_6.0.22000.120_none_9d947278b86cc467\COMCTL32.dll
0x00007ff9fbba0000 - 0x00007ff9fbbd2000 	C:\WINDOWS\System32\IMM32.DLL
0x0000000050030000 - 0x000000005003c000 	D:\Program Files (x86)\360\360Safe\safemon\SafeWrapper.dll
0x00007ff9ead30000 - 0x00007ff9eadd1000 	D:\Program Files (x86)\360\360Safe\safemon\libzdtp64.dll
0x00007ff9fa980000 - 0x00007ff9fb145000 	C:\WINDOWS\System32\SHELL32.dll
0x00007ff9fb220000 - 0x00007ff9fb27d000 	C:\WINDOWS\System32\SHLWAPI.dll
0x00007ff9f96e0000 - 0x00007ff9f96ea000 	C:\WINDOWS\SYSTEM32\VERSION.dll
0x00007ff9eeda0000 - 0x00007ff9eedac000 	c:\Users\SoftPlain\.vscode\extensions\redhat.java-1.15.0-win32-x64\jre\17.0.6-win32-x86_64\bin\vcruntime140_1.dll
0x00007ff9c9410000 - 0x00007ff9c94a1000 	c:\Users\SoftPlain\.vscode\extensions\redhat.java-1.15.0-win32-x64\jre\17.0.6-win32-x86_64\bin\msvcp140.dll
0x00007ff959090000 - 0x00007ff959cd7000 	c:\Users\SoftPlain\.vscode\extensions\redhat.java-1.15.0-win32-x64\jre\17.0.6-win32-x86_64\bin\server\jvm.dll
0x00007ff9e6150000 - 0x00007ff9e6159000 	C:\WINDOWS\SYSTEM32\WSOCK32.dll
0x00007ff9f11a0000 - 0x00007ff9f11d3000 	C:\WINDOWS\SYSTEM32\WINMM.dll
0x00007ff9fb1b0000 - 0x00007ff9fb21f000 	C:\WINDOWS\System32\WS2_32.dll
0x00007ff9f8db0000 - 0x00007ff9f8dc8000 	C:\WINDOWS\SYSTEM32\kernel.appcore.dll
0x00007ff9eec10000 - 0x00007ff9eec1a000 	c:\Users\SoftPlain\.vscode\extensions\redhat.java-1.15.0-win32-x64\jre\17.0.6-win32-x86_64\bin\jimage.dll
0x00007ff9f09e0000 - 0x00007ff9f0c01000 	C:\WINDOWS\SYSTEM32\DBGHELP.DLL
0x00007ff9e5510000 - 0x00007ff9e5541000 	C:\WINDOWS\SYSTEM32\dbgcore.DLL
0x00007ff9fa660000 - 0x00007ff9fa6df000 	C:\WINDOWS\System32\bcryptPrimitives.dll
0x00007ff9e5fb0000 - 0x00007ff9e5fd5000 	c:\Users\SoftPlain\.vscode\extensions\redhat.java-1.15.0-win32-x64\jre\17.0.6-win32-x86_64\bin\java.dll

dbghelp: loaded successfully - version: 4.0.5 - missing functions: none
symbol engine: initialized successfully - sym options: 0x614 - pdb path: .;c:\Users\SoftPlain\.vscode\extensions\redhat.java-1.15.0-win32-x64\jre\17.0.6-win32-x86_64\bin;C:\WINDOWS\SYSTEM32;C:\WINDOWS\WinSxS\amd64_microsoft.windows.common-controls_6595b64144ccf1df_6.0.22000.120_none_9d947278b86cc467;D:\Program Files (x86)\360\360Safe\safemon;c:\Users\SoftPlain\.vscode\extensions\redhat.java-1.15.0-win32-x64\jre\17.0.6-win32-x86_64\bin\server

VM Arguments:
jvm_args: -XX:+HeapDumpOnOutOfMemoryError -Xmx1024m -Dsts.lsp.client=vscode -Dsts.log.file=/dev/null -XX:TieredStopAtLevel=1 -Xlog:jni+resolve=off -Dspring.config.location=file:c:\Users\SoftPlain\.vscode\extensions\vmware.vscode-spring-boot-1.44.0\language-server\BOOT-INF\classes\application.properties 
java_command: org.springframework.ide.vscode.boot.app.BootLanguageServerBootApp
java_class_path (initial): c:\Users\SoftPlain\.vscode\extensions\vmware.vscode-spring-boot-1.44.0\language-server\BOOT-INF\classes;c:\Users\SoftPlain\.vscode\extensions\vmware.vscode-spring-boot-1.44.0\language-server\BOOT-INF\lib\annotations-24.0.0.jar;c:\Users\SoftPlain\.vscode\extensions\vmware.vscode-spring-boot-1.44.0\language-server\BOOT-INF\lib\ant-1.10.13.jar;c:\Users\SoftPlain\.vscode\extensions\vmware.vscode-spring-boot-1.44.0\language-server\BOOT-INF\lib\ant-launcher-1.10.13.jar;c:\Users\SoftPlain\.vscode\extensions\vmware.vscode-spring-boot-1.44.0\language-server\BOOT-INF\lib\antlr-runtime-3.5.2.jar;c:\Users\SoftPlain\.vscode\extensions\vmware.vscode-spring-boot-1.44.0\language-server\BOOT-INF\lib\antlr4-4.9.3.jar;c:\Users\SoftPlain\.vscode\extensions\vmware.vscode-spring-boot-1.44.0\language-server\BOOT-INF\lib\antlr4-runtime-4.9.3.jar;c:\Users\SoftPlain\.vscode\extensions\vmware.vscode-spring-boot-1.44.0\language-server\BOOT-INF\lib\apiguardian-api-1.1.2.jar;c:\Users\SoftPlain\.vscode\extensions\vmware.vscode-spring-boot-1.44.0\language-server\BOOT-INF\lib\asm-9.4.jar;c:\Users\SoftPlain\.vscode\extensions\vmware.vscode-spring-boot-1.44.0\language-server\BOOT-INF\lib\asm-analysis-9.4.jar;c:\Users\SoftPlain\.vscode\extensions\vmware.vscode-spring-boot-1.44.0\language-server\BOOT-INF\lib\asm-tree-9.4.jar;c:\Users\SoftPlain\.vscode\extensions\vmware.vscode-spring-boot-1.44.0\language-server\BOOT-INF\lib\asm-util-9.4.jar;c:\Users\SoftPlain\.vscode\extensions\vmware.vscode-spring-boot-1.44.0\language-server\BOOT-INF\lib\caffeine-3.1.2.jar;c:\Users\SoftPlain\.vscode\extensions\vmware.vscode-spring-boot-1.44.0\language-server\BOOT-INF\lib\checker-qual-3.12.0.jar;c:\Users\SoftPlain\.vscode\extensions\vmware.vscode-spring-boot-1.44.0\language-server\BOOT-INF\lib\ci-environment-9.1.0.jar;c:\Users\SoftPlain\.vscode\extensions\vmware.vscode-spring-boot-1.44.0\language-server\BOOT-INF\lib\classgraph-4.8.149.jar;c:\Users\SoftPlain\.vscode\extensions\vmware.vscode-s
Launcher Type: SUN_STANDARD

[Global flags]
     intx CICompilerCount                          = 4                                         {product} {ergonomic}
     uint ConcGCThreads                            = 3                                         {product} {ergonomic}
     uint G1ConcRefinementThreads                  = 10                                        {product} {ergonomic}
   size_t G1HeapRegionSize                         = 1048576                                   {product} {ergonomic}
    uintx GCDrainStackTargetSize                   = 64                                        {product} {ergonomic}
     bool HeapDumpOnOutOfMemoryError               = true                                   {manageable} {command line}
   size_t InitialHeapSize                          = 402653184                                 {product} {ergonomic}
   size_t MarkStackSize                            = 4194304                                   {product} {ergonomic}
   size_t MaxHeapSize                              = 1073741824                                {product} {command line}
   size_t MinHeapDeltaBytes                        = 1048576                                   {product} {ergonomic}
   size_t MinHeapSize                              = 8388608                                   {product} {ergonomic}
    uintx NonProfiledCodeHeapSize                  = 0                                      {pd product} {ergonomic}
     bool ProfileInterpreter                       = false                                  {pd product} {command line}
    uintx ProfiledCodeHeapSize                     = 0                                      {pd product} {ergonomic}
   size_t SoftMaxHeapSize                          = 1073741824                             {manageable} {ergonomic}
     intx TieredStopAtLevel                        = 1                                         {product} {command line}
     bool UseCompressedClassPointers               = true                           {product lp64_product} {ergonomic}
     bool UseCompressedOops                        = true                           {product lp64_product} {ergonomic}
     bool UseG1GC                                  = true                                      {product} {ergonomic}
     bool UseLargePagesIndividualAllocation        = false                                  {pd product} {ergonomic}

Logging:
Log output configuration:
 #0: stdout all=warning,jni+resolve=off uptime,level,tags (reconfigured)
 #1: stderr all=off uptime,level,tags

Environment Variables:
JAVA_HOME=C:\Program Files\Java\jdk-17
PATH=C:\Program Files\Common Files\Oracle\Java\javapath;E:\Program Files\Zetane\;C:\Program Files\NVIDIA GPU Computing Toolkit\CUDA\v11.6\bin;C:\Program Files\NVIDIA GPU Computing Toolkit\CUDA\v11.6\libnvvp;C:\WINDOWS\system32;C:\WINDOWS;C:\WINDOWS\System32\Wbem;C:\WINDOWS\System32\WindowsPowerShell\v1.0\;C:\WINDOWS\System32\OpenSSH\;D:\runtime\win64;D:\Program Files\Git\cmd;D:\Users\SoftPlain\anaconda3\Scripts;D:\Users\SoftPlain\anaconda3;D:\Users\SoftPlain\anaconda3\Library\mingw-w64;D:\Users\SoftPlain\anaconda3\Library\bin;D:\bin;C:\texlive\2022\bin\win32;C:\WINDOWS\system32;C:\WINDOWS;C:\WINDOWS\System32\Wbem;C:\WINDOWS\System32\WindowsPowerShell\v1.0\;C:\WINDOWS\System32\OpenSSH\;E:\Program Files (x86)\Dev-Cpp\MinGW64\bin;C:\Program Files\Java\jdk-17\bin;C:\Users\SoftPlain\AppData\Local\Microsoft\WindowsApps;D:\Users\SoftPlain\AppData\Local\Programs\Microsoft VS Code\bin;C:\Program Files\NVIDIA Corporation\NVSMI;C:\Users\SoftPlain\AppData\Local\Pandoc\;C:\Users\SoftPlain\AppData\Local\GitHubDesktop\bin
USERNAME=°¡
OS=Windows_NT
PROCESSOR_IDENTIFIER=Intel64 Family 6 Model 158 Stepping 10, GenuineIntel
TMP=C:\Users\SOFTPL~1\AppData\Local\Temp
TEMP=C:\Users\SOFTPL~1\AppData\Local\Temp



---------------  S Y S T E M  ---------------

OS:
 Windows 11 , 64 bit Build 22000 (10.0.22000.1516)
OS uptime: 2 days 0:09 hours

CPU: total 12 (initial active 12) (6 cores per cpu, 2 threads per core) family 6 model 158 stepping 10 microcode 0xde, cx8, cmov, fxsr, ht, mmx, 3dnowpref, sse, sse2, sse3, ssse3, sse4.1, sse4.2, popcnt, lzcnt, tsc, tscinvbit, avx, avx2, aes, erms, clmul, bmi1, bmi2, rtm, adx, fma, vzeroupper, clflush, clflushopt

Memory: 4k page, system-wide physical 24495M (7589M free)
TotalPageFile size 47919M (AvailPageFile size 162M)
current process WorkingSet (physical memory assigned to process): 12M, peak: 12M
current process commit charge ("private bytes"): 59M, peak: 443M

vm_info: OpenJDK 64-Bit Server VM (17.0.6+10) for windows-amd64 JRE (17.0.6+10), built on Jan 18 2023 10:08:59 by "temurin" with MS VC++ 16.7 (VS2019)

END.
